<?xml version="1.0" encoding="UTF-8"?>
<!-- Generated by org.testng.reporters.JUnitReportReporter -->
<testsuite skipped="0" hostname="Barath-PC" name="covid.HighNewCases" tests="1" failures="0" timestamp="2020-06-07T01:45:24 IST" time="24.200" errors="0">
  <testcase name="highCases" time="24.200" classname="covid.HighNewCases"/>
  <system-out/>
</testsuite> <!-- covid.HighNewCases -->
